<?xml version="1.0" encoding="UTF-8"?>
<!-- Generated by org.testng.reporters.JUnitReportReporter -->
<testsuite hostname="Avinash" failures="0" tests="4" name="api.testcases.UserTest2" time="5.797" errors="0" timestamp="2024-06-13T05:54:27 IST" skipped="0">
  <testcase classname="api.testcases.UserTest2" name="testCreateUser" time="1.166"/>
  <system-out/>
  <testcase classname="api.testcases.UserTest2" name="testGetUserData" time="1.159"/>
  <system-out/>
  <testcase classname="api.testcases.UserTest2" name="testUpdateUser" time="2.314"/>
  <system-out/>
  <testcase classname="api.testcases.UserTest2" name="testDeleteUser" time="1.158"/>
  <system-out/>
</testsuite> <!-- api.testcases.UserTest2 -->
