<?xml version="1.0" encoding="UTF-8"?>
<!-- Generated by org.testng.reporters.JUnitReportReporter -->
<testsuite hostname="Avinash" failures="0" tests="4" name="api.testcases.UserTest" time="8.123" errors="0" timestamp="2024-06-17T05:09:35 IST" skipped="0">
  <testcase classname="api.testcases.UserTest" name="testCreateUser" time="3.636"/>
  <system-out/>
  <testcase classname="api.testcases.UserTest" name="testGetUserData" time="1.186"/>
  <system-out/>
  <testcase classname="api.testcases.UserTest" name="testUpdateUser" time="2.175"/>
  <system-out/>
  <testcase classname="api.testcases.UserTest" name="testDeleteUser" time="1.126"/>
  <system-out/>
</testsuite> <!-- api.testcases.UserTest -->
