<?xml version="1.0" encoding="UTF-8"?>
<!-- Generated by org.testng.reporters.JUnitReportReporter -->
<testsuite hostname="Avinash" failures="0" tests="4" name="api.testcases.UserTest" time="9.257" errors="0" timestamp="2024-06-17T05:09:01 IST" skipped="0">
  <testcase classname="api.testcases.UserTest" name="testCreateUser" time="4.355"/>
  <testcase classname="api.testcases.UserTest" name="testGetUserData" time="1.186"/>
  <testcase classname="api.testcases.UserTest" name="testUpdateUser" time="2.441"/>
  <testcase classname="api.testcases.UserTest" name="testDeleteUser" time="1.275"/>
</testsuite> <!-- api.testcases.UserTest -->
